-------------------------------------------------------------------------------
Test set: TestSuite
-------------------------------------------------------------------------------
Tests run: 21, Failures: 1, Errors: 0, Skipped: 0, Time elapsed: 121.531 s <<< FAILURE! - in TestSuite
verifySearchWithValidProduct(com.tutorialsninja.qa.TestCases.SearchProductTest)  Time elapsed: 0.733 s  <<< FAILURE!
java.lang.AssertionError: expected [false] but found [true]
	at com.tutorialsninja.qa.TestCases.SearchProductTest.verifySearchWithValidProduct(SearchProductTest.java:33)

