<?xml version="1.0" encoding="UTF-8"?>
<testsuite xmlns:xsi="http://www.w3.org/2001/XMLSchema-instance" xsi:noNamespaceSchemaLocation="https://maven.apache.org/surefire/maven-surefire-plugin/xsd/surefire-test-report.xsd" name="TestSuite" time="121.531" tests="21" errors="0" skipped="0" failures="1">
  <properties>
[...]
</properties>
  <testcase name="checkingOutValidProduct" classname="com.tutorialsninja.qa.TestCases.AddToCartTest" time="10.567"/>
  <testcase name="verifyLoginWithValidCredentials" classname="com.tutorialsninja.qa.TestCases.LoginTest" time="0.852"/>
  <testcase name="verifyLoginWithValidCredentials" classname="com.tutorialsninja.qa.TestCases.LoginTest" time="0.826"/>
  <testcase name="verifyLoginWithValidCredentials" classname="com.tutorialsninja.qa.TestCases.LoginTest" time="0.805"/>
  <testcase name="verifyLoginWithValidCredentials" classname="com.tutorialsninja.qa.TestCases.LoginTest" time="0.8"/>
  <testcase name="verifyLoginWithValidCredentials" classname="com.tutorialsninja.qa.TestCases.LoginTest" time="0.812"/>
  <testcase name="verifyLoginWithValidCredentials" classname="com.tutorialsninja.qa.TestCases.LoginTest" time="0.803"/>
  <testcase name="verifyLoginWithValidCredentials" classname="com.tutorialsninja.qa.TestCases.LoginTest" time="0.919"/>
  <testcase name="verifyLoginWithValidCredentials" classname="com.tutorialsninja.qa.TestCases.LoginTest" time="0.91"/>
  <testcase name="VerifyLoginWithInvalidEmailValidPassword" classname="com.tutorialsninja.qa.TestCases.LoginTest" time="0.655"/>
  <testcase name="VerifyLoginWithValidEmailInvalidPassword" classname="com.tutorialsninja.qa.TestCases.LoginTest" time="0.66"/>
  <testcase name="VerifyLoginWithInvalidCredentials" classname="com.tutorialsninja.qa.TestCases.LoginTest" time="0.662"/>
  <testcase name="VerifyLoginWithNoCredentials" classname="com.tutorialsninja.qa.TestCases.LoginTest" time="0.487"/>
  <testcase name="verifyingRegisterWithMandatoryFields" classname="com.tutorialsninja.qa.TestCases.RegisterTest" time="1.099"/>
  <testcase name="verifyingRegisterWithAllFields" classname="com.tutorialsninja.qa.TestCases.RegisterTest" time="1.06"/>
  <testcase name="verifyingRegisterWithExistingEmail" classname="com.tutorialsninja.qa.TestCases.RegisterTest" time="0.783"/>
  <testcase name="verifyingRegisterWithMismatchPassword" classname="com.tutorialsninja.qa.TestCases.RegisterTest" time="0.736"/>
  <testcase name="verifyingRegisterWithNoFields" classname="com.tutorialsninja.qa.TestCases.RegisterTest" time="0.511"/>
  <testcase name="verifySearchWithValidProduct" classname="com.tutorialsninja.qa.TestCases.SearchProductTest" time="0.733">
    <failure message="expected [false] but found [true]" type="java.lang.AssertionError">java.lang.AssertionError: expected [false] but found [true]
	at com.tutorialsninja.qa.TestCases.SearchProductTest.verifySearchWithValidProduct(SearchProductTest.java:33)
</failure>
    <system-err><![CDATA[Dec 29, 2023 6:05:30 PM org.openqa.selenium.devtools.CdpVersionFinder findNearestMatch
WARNING: Unable to find an exact match for CDP version 120, returning the closest version; found: 119; Please update to a Selenium version that supports CDP version 120
]]></system-err>
  </testcase>
  <testcase name="verifySearchWithInvalidProduct" classname="com.tutorialsninja.qa.TestCases.SearchProductTest" time="0.556"/>
  <testcase name="verifySearchWithNoProduct" classname="com.tutorialsninja.qa.TestCases.SearchProductTest" time="0.728"/>
</testsuite>