<?xml version="1.0" encoding="UTF-8"?>
<testng-results ignored="0" total="21" passed="20" failed="1" skipped="0">
  <reporter-output>
  </reporter-output>
  <suite started-at="2024-01-13T01:24:21Z" name="Suite" finished-at="2024-01-13T01:26:21Z" duration-ms="120100">
    <groups>
    </groups>
    <test started-at="2024-01-13T01:24:21Z" name="Test" finished-at="2024-01-13T01:26:21Z" duration-ms="120100">
      <class name="com.tutorialsninja.qa.TestCases.SearchProductTest">
        <test-method is-config="true" signature="registerSetup()[pri:0, instance:com.tutorialsninja.qa.TestCases.SearchProductTest@44a7bfbc]" started-at="2024-01-12T20:25:11Z" name="registerSetup" finished-at="2024-01-12T20:25:15Z" duration-ms="3815" status="PASS">
          <reporter-output>
          </reporter-output>
        </test-method> <!-- registerSetup -->
        <test-method signature="verifySearchWithValidProduct()[pri:1, instance:com.tutorialsninja.qa.TestCases.SearchProductTest@44a7bfbc]" started-at="2024-01-12T20:25:15Z" name="verifySearchWithValidProduct" finished-at="2024-01-12T20:25:16Z" duration-ms="757" status="FAIL">
          <exception class="java.lang.AssertionError">
            <message>
              <![CDATA[expected [false] but found [true]]]>
            </message>
            <full-stacktrace>
              <![CDATA[java.lang.AssertionError: expected [false] but found [true]
	at org.testng.Assert.fail(Assert.java:93)
	at org.testng.Assert.failNotEquals(Assert.java:512)
	at org.testng.Assert.assertFalse(Assert.java:62)
	at org.testng.Assert.assertFalse(Assert.java:72)
	at com.tutorialsninja.qa.TestCases.SearchProductTest.verifySearchWithValidProduct(SearchProductTest.java:33)
	at java.base/jdk.internal.reflect.NativeMethodAccessorImpl.invoke0(Native Method)
	at java.base/jdk.internal.reflect.NativeMethodAccessorImpl.invoke(NativeMethodAccessorImpl.java:77)
	at java.base/jdk.internal.reflect.DelegatingMethodAccessorImpl.invoke(DelegatingMethodAccessorImpl.java:43)
	at java.base/java.lang.reflect.Method.invoke(Method.java:568)
	at org.testng.internal.MethodInvocationHelper.invokeMethod(MethodInvocationHelper.java:108)
	at org.testng.internal.Invoker.invokeMethod(Invoker.java:661)
	at org.testng.internal.Invoker.invokeTestMethod(Invoker.java:869)
	at org.testng.internal.Invoker.invokeTestMethods(Invoker.java:1193)
	at org.testng.internal.TestMethodWorker.invokeTestMethods(TestMethodWorker.java:126)
	at org.testng.internal.TestMethodWorker.run(TestMethodWorker.java:109)
	at org.testng.TestRunner.privateRun(TestRunner.java:744)
	at org.testng.TestRunner.run(TestRunner.java:602)
	at org.testng.SuiteRunner.runTest(SuiteRunner.java:380)
	at org.testng.SuiteRunner.runSequentially(SuiteRunner.java:375)
	at org.testng.SuiteRunner.privateRun(SuiteRunner.java:340)
	at org.testng.SuiteRunner.run(SuiteRunner.java:289)
	at org.testng.SuiteRunnerWorker.runSuite(SuiteRunnerWorker.java:52)
	at org.testng.SuiteRunnerWorker.run(SuiteRunnerWorker.java:86)
	at org.testng.TestNG.runSuitesSequentially(TestNG.java:1301)
	at org.testng.TestNG.runSuitesLocally(TestNG.java:1226)
	at org.testng.TestNG.runSuites(TestNG.java:1144)
	at org.testng.TestNG.run(TestNG.java:1115)
	at org.testng.remote.AbstractRemoteTestNG.run(AbstractRemoteTestNG.java:115)
	at org.testng.remote.RemoteTestNG.initAndRun(RemoteTestNG.java:251)
	at org.testng.remote.RemoteTestNG.main(RemoteTestNG.java:77)
]]>
            </full-stacktrace>
          </exception> <!-- java.lang.AssertionError -->
          <reporter-output>
          </reporter-output>
        </test-method> <!-- verifySearchWithValidProduct -->
        <test-method is-config="true" signature="tearDown()[pri:0, instance:com.tutorialsninja.qa.TestCases.SearchProductTest@44a7bfbc]" started-at="2024-01-12T20:25:16Z" name="tearDown" finished-at="2024-01-12T20:25:16Z" duration-ms="65" status="PASS">
          <reporter-output>
          </reporter-output>
        </test-method> <!-- tearDown -->
        <test-method is-config="true" signature="registerSetup()[pri:0, instance:com.tutorialsninja.qa.TestCases.SearchProductTest@44a7bfbc]" started-at="2024-01-12T20:25:41Z" name="registerSetup" finished-at="2024-01-12T20:25:44Z" duration-ms="3601" status="PASS">
          <reporter-output>
          </reporter-output>
        </test-method> <!-- registerSetup -->
        <test-method signature="verifySearchWithInvalidProduct()[pri:2, instance:com.tutorialsninja.qa.TestCases.SearchProductTest@44a7bfbc]" started-at="2024-01-12T20:25:44Z" name="verifySearchWithInvalidProduct" finished-at="2024-01-12T20:25:45Z" duration-ms="727" status="PASS">
          <reporter-output>
          </reporter-output>
        </test-method> <!-- verifySearchWithInvalidProduct -->
        <test-method is-config="true" signature="tearDown()[pri:0, instance:com.tutorialsninja.qa.TestCases.SearchProductTest@44a7bfbc]" started-at="2024-01-12T20:25:45Z" name="tearDown" finished-at="2024-01-12T20:25:45Z" duration-ms="61" status="PASS">
          <reporter-output>
          </reporter-output>
        </test-method> <!-- tearDown -->
        <test-method is-config="true" signature="registerSetup()[pri:0, instance:com.tutorialsninja.qa.TestCases.SearchProductTest@44a7bfbc]" started-at="2024-01-12T20:25:56Z" name="registerSetup" finished-at="2024-01-12T20:26:00Z" duration-ms="4043" status="PASS">
          <reporter-output>
          </reporter-output>
        </test-method> <!-- registerSetup -->
        <test-method signature="verifySearchWithNoProduct()[pri:3, instance:com.tutorialsninja.qa.TestCases.SearchProductTest@44a7bfbc]" started-at="2024-01-12T20:26:00Z" name="verifySearchWithNoProduct" finished-at="2024-01-12T20:26:01Z" duration-ms="705" status="PASS">
          <reporter-output>
          </reporter-output>
        </test-method> <!-- verifySearchWithNoProduct -->
        <test-method is-config="true" signature="tearDown()[pri:0, instance:com.tutorialsninja.qa.TestCases.SearchProductTest@44a7bfbc]" started-at="2024-01-12T20:26:01Z" name="tearDown" finished-at="2024-01-12T20:26:01Z" duration-ms="63" status="PASS">
          <reporter-output>
          </reporter-output>
        </test-method> <!-- tearDown -->
      </class> <!-- com.tutorialsninja.qa.TestCases.SearchProductTest -->
      <class name="com.tutorialsninja.qa.TestCases.AddToCartTest">
        <test-method is-config="true" signature="setup()[pri:0, instance:com.tutorialsninja.qa.TestCases.AddToCartTest@4ef37659]" started-at="2024-01-12T20:25:16Z" name="setup" finished-at="2024-01-12T20:25:19Z" duration-ms="3216" status="PASS">
          <reporter-output>
          </reporter-output>
        </test-method> <!-- setup -->
        <test-method signature="checkingOutValidProduct()[pri:1, instance:com.tutorialsninja.qa.TestCases.AddToCartTest@4ef37659]" started-at="2024-01-12T20:25:19Z" name="checkingOutValidProduct" finished-at="2024-01-12T20:25:30Z" duration-ms="10734" status="PASS">
          <reporter-output>
          </reporter-output>
        </test-method> <!-- checkingOutValidProduct -->
        <test-method is-config="true" signature="tearDown()[pri:0, instance:com.tutorialsninja.qa.TestCases.AddToCartTest@4ef37659]" started-at="2024-01-12T20:25:30Z" name="tearDown" finished-at="2024-01-12T20:25:30Z" duration-ms="79" status="PASS">
          <reporter-output>
          </reporter-output>
        </test-method> <!-- tearDown -->
      </class> <!-- com.tutorialsninja.qa.TestCases.AddToCartTest -->
      <class name="com.tutorialsninja.qa.TestCases.LoginTest">
        <test-method is-config="true" signature="setup()[pri:0, instance:com.tutorialsninja.qa.TestCases.LoginTest@152aa092]" started-at="2024-01-12T20:24:28Z" name="setup" finished-at="2024-01-12T20:24:33Z" duration-ms="4736" status="PASS">
          <reporter-output>
          </reporter-output>
        </test-method> <!-- setup -->
        <test-method signature="verifyLoginWithValidCredentials(java.lang.String, java.lang.String)[pri:1, instance:com.tutorialsninja.qa.TestCases.LoginTest@152aa092]" started-at="2024-01-12T20:24:33Z" name="verifyLoginWithValidCredentials" data-provider="TNLogin" finished-at="2024-01-12T20:24:34Z" duration-ms="993" status="PASS">
          <params>
            <param index="0">
              <value>
                <![CDATA[seleniumpanda@gmail.com]]>
              </value>
            </param>
            <param index="1">
              <value>
                <![CDATA[Selenium@123]]>
              </value>
            </param>
          </params>
          <reporter-output>
          </reporter-output>
        </test-method> <!-- verifyLoginWithValidCredentials -->
        <test-method is-config="true" signature="tearDown()[pri:0, instance:com.tutorialsninja.qa.TestCases.LoginTest@152aa092]" started-at="2024-01-12T20:24:34Z" name="tearDown" finished-at="2024-01-12T20:24:34Z" duration-ms="73" status="PASS">
          <reporter-output>
          </reporter-output>
        </test-method> <!-- tearDown -->
        <test-method is-config="true" signature="setup()[pri:0, instance:com.tutorialsninja.qa.TestCases.LoginTest@152aa092]" started-at="2024-01-12T20:24:34Z" name="setup" finished-at="2024-01-12T20:24:38Z" duration-ms="4357" status="PASS">
          <reporter-output>
          </reporter-output>
        </test-method> <!-- setup -->
        <test-method signature="verifyLoginWithValidCredentials(java.lang.String, java.lang.String)[pri:1, instance:com.tutorialsninja.qa.TestCases.LoginTest@152aa092]" started-at="2024-01-12T20:24:38Z" name="verifyLoginWithValidCredentials" data-provider="TNLogin" finished-at="2024-01-12T20:24:39Z" duration-ms="835" status="PASS">
          <params>
            <param index="0">
              <value>
                <![CDATA[seleniumpanda1@gmail.com]]>
              </value>
            </param>
            <param index="1">
              <value>
                <![CDATA[Selenium@123]]>
              </value>
            </param>
          </params>
          <reporter-output>
          </reporter-output>
        </test-method> <!-- verifyLoginWithValidCredentials -->
        <test-method is-config="true" signature="tearDown()[pri:0, instance:com.tutorialsninja.qa.TestCases.LoginTest@152aa092]" started-at="2024-01-12T20:24:39Z" name="tearDown" finished-at="2024-01-12T20:24:39Z" duration-ms="60" status="PASS">
          <reporter-output>
          </reporter-output>
        </test-method> <!-- tearDown -->
        <test-method is-config="true" signature="setup()[pri:0, instance:com.tutorialsninja.qa.TestCases.LoginTest@152aa092]" started-at="2024-01-12T20:24:39Z" name="setup" finished-at="2024-01-12T20:24:44Z" duration-ms="4275" status="PASS">
          <reporter-output>
          </reporter-output>
        </test-method> <!-- setup -->
        <test-method signature="verifyLoginWithValidCredentials(java.lang.String, java.lang.String)[pri:1, instance:com.tutorialsninja.qa.TestCases.LoginTest@152aa092]" started-at="2024-01-12T20:24:44Z" name="verifyLoginWithValidCredentials" data-provider="TNLogin" finished-at="2024-01-12T20:24:44Z" duration-ms="878" status="PASS">
          <params>
            <param index="0">
              <value>
                <![CDATA[seleniumpanda2@gmail.com]]>
              </value>
            </param>
            <param index="1">
              <value>
                <![CDATA[Selenium@123]]>
              </value>
            </param>
          </params>
          <reporter-output>
          </reporter-output>
        </test-method> <!-- verifyLoginWithValidCredentials -->
        <test-method is-config="true" signature="tearDown()[pri:0, instance:com.tutorialsninja.qa.TestCases.LoginTest@152aa092]" started-at="2024-01-12T20:24:44Z" name="tearDown" finished-at="2024-01-12T20:24:45Z" duration-ms="65" status="PASS">
          <reporter-output>
          </reporter-output>
        </test-method> <!-- tearDown -->
        <test-method is-config="true" signature="setup()[pri:0, instance:com.tutorialsninja.qa.TestCases.LoginTest@152aa092]" started-at="2024-01-12T20:24:45Z" name="setup" finished-at="2024-01-12T20:24:49Z" duration-ms="4732" status="PASS">
          <reporter-output>
          </reporter-output>
        </test-method> <!-- setup -->
        <test-method signature="verifyLoginWithValidCredentials(java.lang.String, java.lang.String)[pri:1, instance:com.tutorialsninja.qa.TestCases.LoginTest@152aa092]" started-at="2024-01-12T20:24:49Z" name="verifyLoginWithValidCredentials" data-provider="TNLogin" finished-at="2024-01-12T20:24:50Z" duration-ms="970" status="PASS">
          <params>
            <param index="0">
              <value>
                <![CDATA[seleniumpanda3@gmail.com]]>
              </value>
            </param>
            <param index="1">
              <value>
                <![CDATA[Selenium@123]]>
              </value>
            </param>
          </params>
          <reporter-output>
          </reporter-output>
        </test-method> <!-- verifyLoginWithValidCredentials -->
        <test-method is-config="true" signature="tearDown()[pri:0, instance:com.tutorialsninja.qa.TestCases.LoginTest@152aa092]" started-at="2024-01-12T20:24:50Z" name="tearDown" finished-at="2024-01-12T20:24:50Z" duration-ms="74" status="PASS">
          <reporter-output>
          </reporter-output>
        </test-method> <!-- tearDown -->
        <test-method is-config="true" signature="setup()[pri:0, instance:com.tutorialsninja.qa.TestCases.LoginTest@152aa092]" started-at="2024-01-12T20:24:50Z" name="setup" finished-at="2024-01-12T20:24:55Z" duration-ms="4300" status="PASS">
          <reporter-output>
          </reporter-output>
        </test-method> <!-- setup -->
        <test-method signature="verifyLoginWithValidCredentials(java.lang.String, java.lang.String)[pri:1, instance:com.tutorialsninja.qa.TestCases.LoginTest@152aa092]" started-at="2024-01-12T20:24:55Z" name="verifyLoginWithValidCredentials" data-provider="TNLogin" finished-at="2024-01-12T20:24:56Z" duration-ms="946" status="PASS">
          <params>
            <param index="0">
              <value>
                <![CDATA[seleniumpanda4@gmail.com]]>
              </value>
            </param>
            <param index="1">
              <value>
                <![CDATA[Selenium@123]]>
              </value>
            </param>
          </params>
          <reporter-output>
          </reporter-output>
        </test-method> <!-- verifyLoginWithValidCredentials -->
        <test-method is-config="true" signature="tearDown()[pri:0, instance:com.tutorialsninja.qa.TestCases.LoginTest@152aa092]" started-at="2024-01-12T20:24:56Z" name="tearDown" finished-at="2024-01-12T20:24:56Z" duration-ms="77" status="PASS">
          <reporter-output>
          </reporter-output>
        </test-method> <!-- tearDown -->
        <test-method is-config="true" signature="setup()[pri:0, instance:com.tutorialsninja.qa.TestCases.LoginTest@152aa092]" started-at="2024-01-12T20:24:56Z" name="setup" finished-at="2024-01-12T20:25:00Z" duration-ms="4278" status="PASS">
          <reporter-output>
          </reporter-output>
        </test-method> <!-- setup -->
        <test-method signature="verifyLoginWithValidCredentials(java.lang.String, java.lang.String)[pri:1, instance:com.tutorialsninja.qa.TestCases.LoginTest@152aa092]" started-at="2024-01-12T20:25:00Z" name="verifyLoginWithValidCredentials" data-provider="TNLogin" finished-at="2024-01-12T20:25:01Z" duration-ms="982" status="PASS">
          <params>
            <param index="0">
              <value>
                <![CDATA[seleniumpanda5@gmail.com]]>
              </value>
            </param>
            <param index="1">
              <value>
                <![CDATA[Selenium@123]]>
              </value>
            </param>
          </params>
          <reporter-output>
          </reporter-output>
        </test-method> <!-- verifyLoginWithValidCredentials -->
        <test-method is-config="true" signature="tearDown()[pri:0, instance:com.tutorialsninja.qa.TestCases.LoginTest@152aa092]" started-at="2024-01-12T20:25:01Z" name="tearDown" finished-at="2024-01-12T20:25:01Z" duration-ms="66" status="PASS">
          <reporter-output>
          </reporter-output>
        </test-method> <!-- tearDown -->
        <test-method is-config="true" signature="setup()[pri:0, instance:com.tutorialsninja.qa.TestCases.LoginTest@152aa092]" started-at="2024-01-12T20:25:01Z" name="setup" finished-at="2024-01-12T20:25:05Z" duration-ms="3637" status="PASS">
          <reporter-output>
          </reporter-output>
        </test-method> <!-- setup -->
        <test-method signature="verifyLoginWithValidCredentials(java.lang.String, java.lang.String)[pri:1, instance:com.tutorialsninja.qa.TestCases.LoginTest@152aa092]" started-at="2024-01-12T20:25:05Z" name="verifyLoginWithValidCredentials" data-provider="TNLogin" finished-at="2024-01-12T20:25:05Z" duration-ms="824" status="PASS">
          <params>
            <param index="0">
              <value>
                <![CDATA[seleniumpanda6@gmail.com]]>
              </value>
            </param>
            <param index="1">
              <value>
                <![CDATA[Selenium@123]]>
              </value>
            </param>
          </params>
          <reporter-output>
          </reporter-output>
        </test-method> <!-- verifyLoginWithValidCredentials -->
        <test-method is-config="true" signature="tearDown()[pri:0, instance:com.tutorialsninja.qa.TestCases.LoginTest@152aa092]" started-at="2024-01-12T20:25:05Z" name="tearDown" finished-at="2024-01-12T20:25:05Z" duration-ms="74" status="PASS">
          <reporter-output>
          </reporter-output>
        </test-method> <!-- tearDown -->
        <test-method is-config="true" signature="setup()[pri:0, instance:com.tutorialsninja.qa.TestCases.LoginTest@152aa092]" started-at="2024-01-12T20:25:05Z" name="setup" finished-at="2024-01-12T20:25:10Z" duration-ms="4544" status="PASS">
          <reporter-output>
          </reporter-output>
        </test-method> <!-- setup -->
        <test-method signature="verifyLoginWithValidCredentials(java.lang.String, java.lang.String)[pri:1, instance:com.tutorialsninja.qa.TestCases.LoginTest@152aa092]" started-at="2024-01-12T20:25:10Z" name="verifyLoginWithValidCredentials" data-provider="TNLogin" finished-at="2024-01-12T20:25:11Z" duration-ms="942" status="PASS">
          <params>
            <param index="0">
              <value>
                <![CDATA[seleniumpanda7@gmail.com]]>
              </value>
            </param>
            <param index="1">
              <value>
                <![CDATA[Selenium@123]]>
              </value>
            </param>
          </params>
          <reporter-output>
          </reporter-output>
        </test-method> <!-- verifyLoginWithValidCredentials -->
        <test-method is-config="true" signature="tearDown()[pri:0, instance:com.tutorialsninja.qa.TestCases.LoginTest@152aa092]" started-at="2024-01-12T20:25:11Z" name="tearDown" finished-at="2024-01-12T20:25:11Z" duration-ms="72" status="PASS">
          <reporter-output>
          </reporter-output>
        </test-method> <!-- tearDown -->
        <test-method is-config="true" signature="setup()[pri:0, instance:com.tutorialsninja.qa.TestCases.LoginTest@152aa092]" started-at="2024-01-12T20:25:36Z" name="setup" finished-at="2024-01-12T20:25:40Z" duration-ms="4607" status="PASS">
          <reporter-output>
          </reporter-output>
        </test-method> <!-- setup -->
        <test-method signature="VerifyLoginWithInvalidEmailValidPassword()[pri:2, instance:com.tutorialsninja.qa.TestCases.LoginTest@152aa092]" started-at="2024-01-12T20:25:40Z" name="VerifyLoginWithInvalidEmailValidPassword" finished-at="2024-01-12T20:25:41Z" duration-ms="673" status="PASS">
          <reporter-output>
          </reporter-output>
        </test-method> <!-- VerifyLoginWithInvalidEmailValidPassword -->
        <test-method is-config="true" signature="tearDown()[pri:0, instance:com.tutorialsninja.qa.TestCases.LoginTest@152aa092]" started-at="2024-01-12T20:25:41Z" name="tearDown" finished-at="2024-01-12T20:25:41Z" duration-ms="71" status="PASS">
          <reporter-output>
          </reporter-output>
        </test-method> <!-- tearDown -->
        <test-method is-config="true" signature="setup()[pri:0, instance:com.tutorialsninja.qa.TestCases.LoginTest@152aa092]" started-at="2024-01-12T20:25:51Z" name="setup" finished-at="2024-01-12T20:25:55Z" duration-ms="4444" status="PASS">
          <reporter-output>
          </reporter-output>
        </test-method> <!-- setup -->
        <test-method signature="VerifyLoginWithValidEmailInvalidPassword()[pri:3, instance:com.tutorialsninja.qa.TestCases.LoginTest@152aa092]" started-at="2024-01-12T20:25:55Z" name="VerifyLoginWithValidEmailInvalidPassword" finished-at="2024-01-12T20:25:56Z" duration-ms="652" status="PASS">
          <reporter-output>
          </reporter-output>
        </test-method> <!-- VerifyLoginWithValidEmailInvalidPassword -->
        <test-method is-config="true" signature="tearDown()[pri:0, instance:com.tutorialsninja.qa.TestCases.LoginTest@152aa092]" started-at="2024-01-12T20:25:56Z" name="tearDown" finished-at="2024-01-12T20:25:56Z" duration-ms="71" status="PASS">
          <reporter-output>
          </reporter-output>
        </test-method> <!-- tearDown -->
        <test-method is-config="true" signature="setup()[pri:0, instance:com.tutorialsninja.qa.TestCases.LoginTest@152aa092]" started-at="2024-01-12T20:26:07Z" name="setup" finished-at="2024-01-12T20:26:11Z" duration-ms="4491" status="PASS">
          <reporter-output>
          </reporter-output>
        </test-method> <!-- setup -->
        <test-method signature="VerifyLoginWithInvalidCredentials()[pri:4, instance:com.tutorialsninja.qa.TestCases.LoginTest@152aa092]" started-at="2024-01-12T20:26:11Z" name="VerifyLoginWithInvalidCredentials" finished-at="2024-01-12T20:26:12Z" duration-ms="673" status="PASS">
          <reporter-output>
          </reporter-output>
        </test-method> <!-- VerifyLoginWithInvalidCredentials -->
        <test-method is-config="true" signature="tearDown()[pri:0, instance:com.tutorialsninja.qa.TestCases.LoginTest@152aa092]" started-at="2024-01-12T20:26:12Z" name="tearDown" finished-at="2024-01-12T20:26:12Z" duration-ms="65" status="PASS">
          <reporter-output>
          </reporter-output>
        </test-method> <!-- tearDown -->
        <test-method is-config="true" signature="setup()[pri:0, instance:com.tutorialsninja.qa.TestCases.LoginTest@152aa092]" started-at="2024-01-12T20:26:16Z" name="setup" finished-at="2024-01-12T20:26:21Z" duration-ms="4503" status="PASS">
          <reporter-output>
          </reporter-output>
        </test-method> <!-- setup -->
        <test-method signature="VerifyLoginWithNoCredentials()[pri:5, instance:com.tutorialsninja.qa.TestCases.LoginTest@152aa092]" started-at="2024-01-12T20:26:21Z" name="VerifyLoginWithNoCredentials" finished-at="2024-01-12T20:26:21Z" duration-ms="533" status="PASS">
          <reporter-output>
          </reporter-output>
        </test-method> <!-- VerifyLoginWithNoCredentials -->
        <test-method is-config="true" signature="tearDown()[pri:0, instance:com.tutorialsninja.qa.TestCases.LoginTest@152aa092]" started-at="2024-01-12T20:26:21Z" name="tearDown" finished-at="2024-01-12T20:26:21Z" duration-ms="59" status="PASS">
          <reporter-output>
          </reporter-output>
        </test-method> <!-- tearDown -->
      </class> <!-- com.tutorialsninja.qa.TestCases.LoginTest -->
      <class name="com.tutorialsninja.qa.TestCases.RegisterTest">
        <test-method is-config="true" signature="setup()[pri:0, instance:com.tutorialsninja.qa.TestCases.RegisterTest@524d6d96]" started-at="2024-01-12T20:24:21Z" name="setup" finished-at="2024-01-12T20:24:27Z" duration-ms="5285" status="PASS">
          <reporter-output>
          </reporter-output>
        </test-method> <!-- setup -->
        <test-method signature="verifyingRegisterWithMandatoryFields()[pri:1, instance:com.tutorialsninja.qa.TestCases.RegisterTest@524d6d96]" started-at="2024-01-12T20:24:27Z" name="verifyingRegisterWithMandatoryFields" finished-at="2024-01-12T20:24:28Z" duration-ms="1100" status="PASS">
          <reporter-output>
          </reporter-output>
        </test-method> <!-- verifyingRegisterWithMandatoryFields -->
        <test-method is-config="true" signature="tearDown()[pri:0, instance:com.tutorialsninja.qa.TestCases.RegisterTest@524d6d96]" started-at="2024-01-12T20:24:28Z" name="tearDown" finished-at="2024-01-12T20:24:28Z" duration-ms="72" status="PASS">
          <reporter-output>
          </reporter-output>
        </test-method> <!-- tearDown -->
        <test-method is-config="true" signature="setup()[pri:0, instance:com.tutorialsninja.qa.TestCases.RegisterTest@524d6d96]" started-at="2024-01-12T20:25:30Z" name="setup" finished-at="2024-01-12T20:25:34Z" duration-ms="4569" status="PASS">
          <reporter-output>
          </reporter-output>
        </test-method> <!-- setup -->
        <test-method signature="verifyingRegisterWithAllFields()[pri:2, instance:com.tutorialsninja.qa.TestCases.RegisterTest@524d6d96]" started-at="2024-01-12T20:25:34Z" name="verifyingRegisterWithAllFields" finished-at="2024-01-12T20:25:35Z" duration-ms="1171" status="PASS">
          <reporter-output>
          </reporter-output>
        </test-method> <!-- verifyingRegisterWithAllFields -->
        <test-method is-config="true" signature="tearDown()[pri:0, instance:com.tutorialsninja.qa.TestCases.RegisterTest@524d6d96]" started-at="2024-01-12T20:25:35Z" name="tearDown" finished-at="2024-01-12T20:25:36Z" duration-ms="64" status="PASS">
          <reporter-output>
          </reporter-output>
        </test-method> <!-- tearDown -->
        <test-method is-config="true" signature="setup()[pri:0, instance:com.tutorialsninja.qa.TestCases.RegisterTest@524d6d96]" started-at="2024-01-12T20:25:45Z" name="setup" finished-at="2024-01-12T20:25:50Z" duration-ms="4895" status="PASS">
          <reporter-output>
          </reporter-output>
        </test-method> <!-- setup -->
        <test-method signature="verifyingRegisterWithExistingEmail()[pri:3, instance:com.tutorialsninja.qa.TestCases.RegisterTest@524d6d96]" started-at="2024-01-12T20:25:50Z" name="verifyingRegisterWithExistingEmail" finished-at="2024-01-12T20:25:51Z" duration-ms="787" status="PASS">
          <reporter-output>
          </reporter-output>
        </test-method> <!-- verifyingRegisterWithExistingEmail -->
        <test-method is-config="true" signature="tearDown()[pri:0, instance:com.tutorialsninja.qa.TestCases.RegisterTest@524d6d96]" started-at="2024-01-12T20:25:51Z" name="tearDown" finished-at="2024-01-12T20:25:51Z" duration-ms="65" status="PASS">
          <reporter-output>
          </reporter-output>
        </test-method> <!-- tearDown -->
        <test-method is-config="true" signature="setup()[pri:0, instance:com.tutorialsninja.qa.TestCases.RegisterTest@524d6d96]" started-at="2024-01-12T20:26:01Z" name="setup" finished-at="2024-01-12T20:26:06Z" duration-ms="4725" status="PASS">
          <reporter-output>
          </reporter-output>
        </test-method> <!-- setup -->
        <test-method signature="verifyingRegisterWithMismatchPassword()[pri:4, instance:com.tutorialsninja.qa.TestCases.RegisterTest@524d6d96]" started-at="2024-01-12T20:26:06Z" name="verifyingRegisterWithMismatchPassword" finished-at="2024-01-12T20:26:06Z" duration-ms="790" status="PASS">
          <reporter-output>
          </reporter-output>
        </test-method> <!-- verifyingRegisterWithMismatchPassword -->
        <test-method is-config="true" signature="tearDown()[pri:0, instance:com.tutorialsninja.qa.TestCases.RegisterTest@524d6d96]" started-at="2024-01-12T20:26:06Z" name="tearDown" finished-at="2024-01-12T20:26:07Z" duration-ms="62" status="PASS">
          <reporter-output>
          </reporter-output>
        </test-method> <!-- tearDown -->
        <test-method is-config="true" signature="setup()[pri:0, instance:com.tutorialsninja.qa.TestCases.RegisterTest@524d6d96]" started-at="2024-01-12T20:26:12Z" name="setup" finished-at="2024-01-12T20:26:16Z" duration-ms="4038" status="PASS">
          <reporter-output>
          </reporter-output>
        </test-method> <!-- setup -->
        <test-method signature="verifyingRegisterWithNoFields()[pri:5, instance:com.tutorialsninja.qa.TestCases.RegisterTest@524d6d96]" started-at="2024-01-12T20:26:16Z" name="verifyingRegisterWithNoFields" finished-at="2024-01-12T20:26:16Z" duration-ms="482" status="PASS">
          <reporter-output>
          </reporter-output>
        </test-method> <!-- verifyingRegisterWithNoFields -->
        <test-method is-config="true" signature="tearDown()[pri:0, instance:com.tutorialsninja.qa.TestCases.RegisterTest@524d6d96]" started-at="2024-01-12T20:26:16Z" name="tearDown" finished-at="2024-01-12T20:26:16Z" duration-ms="69" status="PASS">
          <reporter-output>
          </reporter-output>
        </test-method> <!-- tearDown -->
      </class> <!-- com.tutorialsninja.qa.TestCases.RegisterTest -->
    </test> <!-- Test -->
  </suite> <!-- Suite -->
</testng-results>
